<?xml version="1.0" encoding="UTF-8"?>
<!-- Generated by org.testng.reporters.JUnitReportReporter -->
<testsuite hostname="DESKTOP-9M7TNVB" failures="0" tests="3" name="www.logytalks.com.LoginTest" time="80.904" errors="0" timestamp="2022-11-21T16:06:23 IST" skipped="0">
  <testcase classname="www.logytalks.com.LoginTest" name="loginCheck" time="17.202"/>
  <system-out/>
  <testcase classname="www.logytalks.com.LoginTest" name="loginCheck" time="32.725"/>
  <system-out/>
  <testcase classname="www.logytalks.com.LoginTest" name="loginCheck" time="30.977"/>
  <system-out/>
</testsuite> <!-- www.logytalks.com.LoginTest -->
