<?xml version="1.0" encoding="UTF-8"?>
<!-- Generated by org.testng.reporters.JUnitReportReporter -->
<testsuite hostname="DESKTOP-9M7TNVB" failures="0" tests="3" name="www.logytalks.com.CodeTest1" time="0.019" errors="0" timestamp="2022-11-18T15:34:58 IST" skipped="0">
  <testcase classname="www.logytalks.com.CodeTest1" name="testing" time="0.007"/>
  <system-out/>
  <testcase classname="www.logytalks.com.CodeTest1" name="testing" time="0.004"/>
  <system-out/>
  <testcase classname="www.logytalks.com.CodeTest1" name="testing" time="0.008"/>
  <system-out/>
</testsuite> <!-- www.logytalks.com.CodeTest1 -->
