<?xml version="1.0" encoding="UTF-8"?>
<!-- Generated by org.testng.reporters.JUnitReportReporter -->
<testsuite hostname="DESKTOP-9M7TNVB" failures="0" tests="1" name="www.logytalks.com.CreatePublicConf" time="35.606" errors="0" timestamp="2022-12-02T19:05:57 IST" skipped="0">
  <testcase classname="www.logytalks.com.CreatePublicConf" name="publicConference" time="35.606"/>
  <system-out/>
</testsuite> <!-- www.logytalks.com.CreatePublicConf -->
