<?xml version="1.0" encoding="UTF-8"?>
<!-- Generated by org.testng.reporters.JUnitReportReporter -->
<testsuite hostname="DESKTOP-9M7TNVB" failures="0" tests="1" name="www.logytalks.com.ClickSignInBtn" time="24.852" errors="0" timestamp="2022-11-15T16:16:19 IST" skipped="0">
  <testcase classname="www.logytalks.com.ClickSignInBtn" name="clickRegistrationbtn" time="24.852"/>
  <system-out/>
</testsuite> <!-- www.logytalks.com.ClickSignInBtn -->
