<?xml version="1.0" encoding="UTF-8"?>
<!-- Generated by org.testng.reporters.JUnitReportReporter -->
<testsuite hostname="DESKTOP-9M7TNVB" failures="0" tests="1" name="www.logytalks.com.SelectStock" time="7.153" errors="0" timestamp="2023-03-03T18:31:47 IST" skipped="0">
  <testcase classname="www.logytalks.com.SelectStock" name="clickRegistrationbtnDn" time="7.153"/>
  <system-out/>
</testsuite> <!-- www.logytalks.com.SelectStock -->
