<?xml version="1.0" encoding="UTF-8"?>
<!-- Generated by org.testng.reporters.JUnitReportReporter -->
<testsuite hostname="DESKTOP-9M7TNVB" failures="0" tests="1" name="www.logytalks.com.CodeTest" time="0.007" errors="0" timestamp="2022-11-18T15:06:37 IST" skipped="0">
  <testcase classname="www.logytalks.com.CodeTest" name="testing" time="0.007"/>
  <system-out/>
</testsuite> <!-- www.logytalks.com.CodeTest -->
