<?xml version="1.0" encoding="UTF-8"?>
<!-- Generated by org.testng.reporters.JUnitReportReporter -->
<testsuite hostname="DESKTOP-9M7TNVB" failures="0" tests="1" name="www.logytalks.com.ClickSignInBtn" time="16.340" errors="0" timestamp="2022-11-04T17:50:09 IST" skipped="0">
  <testcase classname="www.logytalks.com.ClickSignInBtn" name="clickRegistrationbtn" time="16.340"/>
  <system-out/>
</testsuite> <!-- www.logytalks.com.ClickSignInBtn -->
