<?xml version="1.0" encoding="UTF-8"?>
<!-- Generated by org.testng.reporters.JUnitReportReporter -->
<testsuite hostname="DESKTOP-9M7TNVB" failures="0" tests="3" name="www.logytalks.com.LoginTest" time="49.699" errors="0" timestamp="2022-10-29T14:23:20 IST" skipped="0">
  <testcase classname="www.logytalks.com.LoginTest" name="loginCheck" time="17.316"/>
  <system-out/>
  <testcase classname="www.logytalks.com.LoginTest" name="loginCheck" time="16.770"/>
  <system-out/>
  <testcase classname="www.logytalks.com.LoginTest" name="loginCheck" time="15.613"/>
  <system-out/>
</testsuite> <!-- www.logytalks.com.LoginTest -->
