<?xml version="1.0" encoding="UTF-8"?>
<!-- Generated by org.testng.reporters.JUnitReportReporter -->
<testsuite hostname="DESKTOP-9M7TNVB" failures="0" tests="3" name="www.logytalks.com.YopmailConfirm" time="43.971" errors="0" timestamp="2022-11-09T19:06:12 IST" skipped="0">
  <testcase classname="www.logytalks.com.YopmailConfirm" name="emailConfirm" time="14.241"/>
  <system-out/>
  <testcase classname="www.logytalks.com.YopmailConfirm" name="emailConfirm" time="15.520"/>
  <system-out/>
  <testcase classname="www.logytalks.com.YopmailConfirm" name="emailConfirm" time="14.210"/>
  <system-out/>
</testsuite> <!-- www.logytalks.com.YopmailConfirm -->
